TN:
SF:config\co2.js
FN:25,estimateCo2Grams
FNF:1
FNH:1
FNDA:9,estimateCo2Grams
DA:1,1
DA:3,1
DA:4,1
DA:5,1
DA:6,1
DA:7,1
DA:8,1
DA:9,1
DA:10,1
DA:11,1
DA:13,1
DA:14,1
DA:15,1
DA:16,1
DA:17,1
DA:19,1
DA:20,1
DA:21,1
DA:22,1
DA:23,1
DA:24,1
DA:25,1
DA:26,9
DA:27,6
DA:28,6
DA:30,1
DA:31,1
LF:27
LH:27
BRDA:25,0,0,9
BRDA:26,1,0,8
BRDA:26,2,0,3
BRDA:26,3,0,6
BRF:4
BRH:4
end_of_record
TN:
SF:config\db.js
FN:1,(empty-report)
FNF:1
FNH:0
FNDA:0,(empty-report)
DA:1,0
DA:5,0
DA:6,0
DA:7,0
DA:8,0
DA:9,0
DA:10,0
DA:11,0
DA:12,0
DA:13,0
DA:15,0
DA:16,0
DA:17,0
DA:18,0
DA:19,0
DA:20,0
DA:21,0
DA:22,0
DA:23,0
DA:24,0
DA:25,0
DA:26,0
LF:22
LH:0
BRDA:1,0,0,0
BRF:1
BRH:0
end_of_record
TN:
SF:config\logger.js
FN:4,log
FN:12,info
FN:13,warn
FN:14,error
FN:15,debug
FNF:5
FNH:0
FNDA:0,log
FNDA:0,info
FNDA:0,warn
FNDA:0,error
FNDA:0,debug
DA:1,1
DA:2,1
DA:4,0
DA:5,0
DA:6,0
DA:7,0
DA:8,0
DA:9,0
DA:11,1
DA:12,1
DA:13,1
DA:14,1
DA:15,1
DA:16,1
LF:14
LH:8
BRDA:2,0,0,0
BRF:1
BRH:0
end_of_record
TN:
SF:config\performance.js
FN:1,(empty-report)
FNF:1
FNH:0
FNDA:0,(empty-report)
DA:1,0
DA:2,0
DA:3,0
DA:4,0
DA:5,0
LF:5
LH:0
BRDA:1,0,0,0
BRF:1
BRH:0
end_of_record
TN:
SF:controllers\auth.controller.js
FN:1,(empty-report)
FNF:1
FNH:0
FNDA:0,(empty-report)
DA:1,0
DA:4,0
DA:5,0
DA:6,0
DA:7,0
DA:9,0
DA:10,0
DA:11,0
DA:12,0
DA:13,0
DA:15,0
DA:16,0
DA:17,0
DA:18,0
DA:20,0
DA:21,0
DA:22,0
DA:23,0
DA:24,0
DA:25,0
DA:26,0
DA:27,0
DA:28,0
DA:29,0
DA:30,0
DA:31,0
DA:32,0
DA:34,0
DA:35,0
DA:36,0
DA:38,0
DA:39,0
DA:40,0
DA:41,0
DA:42,0
DA:43,0
DA:44,0
DA:45,0
DA:46,0
DA:47,0
DA:48,0
DA:49,0
DA:50,0
DA:51,0
DA:52,0
DA:53,0
DA:54,0
DA:55,0
DA:56,0
DA:57,0
LF:50
LH:0
BRDA:1,0,0,0
BRF:1
BRH:0
end_of_record
TN:
SF:controllers\data.controller.js
FN:1,(empty-report)
FNF:1
FNH:0
FNDA:0,(empty-report)
DA:1,0
DA:9,0
DA:10,0
DA:12,0
DA:13,0
DA:15,0
DA:17,0
DA:18,0
DA:19,0
DA:20,0
DA:21,0
DA:22,0
DA:23,0
DA:24,0
DA:25,0
DA:26,0
DA:27,0
DA:28,0
DA:29,0
DA:30,0
DA:31,0
DA:32,0
DA:33,0
DA:34,0
DA:35,0
DA:36,0
DA:37,0
DA:38,0
DA:39,0
DA:40,0
DA:41,0
DA:43,0
DA:44,0
DA:45,0
DA:46,0
DA:47,0
DA:48,0
DA:49,0
DA:50,0
DA:51,0
DA:52,0
DA:53,0
DA:54,0
DA:56,0
DA:57,0
DA:58,0
DA:60,0
DA:62,0
DA:63,0
DA:64,0
DA:65,0
DA:66,0
DA:67,0
DA:68,0
DA:69,0
DA:70,0
DA:71,0
DA:73,0
DA:74,0
DA:75,0
DA:77,0
DA:78,0
DA:79,0
DA:81,0
DA:82,0
DA:83,0
DA:84,0
DA:86,0
DA:87,0
DA:89,0
DA:90,0
DA:91,0
DA:92,0
DA:93,0
DA:94,0
DA:95,0
DA:96,0
DA:97,0
DA:99,0
DA:100,0
DA:101,0
DA:102,0
DA:104,0
DA:105,0
DA:106,0
DA:107,0
DA:108,0
DA:109,0
DA:110,0
DA:111,0
DA:112,0
DA:113,0
DA:115,0
DA:116,0
DA:117,0
DA:118,0
DA:119,0
DA:120,0
DA:121,0
DA:122,0
DA:123,0
DA:124,0
DA:126,0
DA:127,0
DA:129,0
DA:130,0
DA:131,0
DA:132,0
DA:134,0
DA:136,0
DA:137,0
DA:138,0
DA:139,0
DA:140,0
DA:141,0
DA:142,0
DA:143,0
DA:144,0
DA:146,0
DA:147,0
DA:148,0
DA:149,0
DA:150,0
DA:151,0
DA:153,0
DA:154,0
DA:155,0
DA:156,0
DA:157,0
DA:158,0
DA:159,0
DA:160,0
DA:161,0
DA:163,0
DA:164,0
DA:165,0
DA:166,0
DA:167,0
DA:168,0
DA:169,0
DA:171,0
DA:173,0
DA:174,0
DA:175,0
DA:176,0
DA:177,0
DA:178,0
DA:179,0
DA:180,0
DA:181,0
DA:183,0
DA:184,0
DA:185,0
DA:186,0
DA:187,0
DA:188,0
DA:190,0
DA:191,0
DA:192,0
DA:193,0
DA:194,0
DA:195,0
DA:196,0
DA:197,0
DA:198,0
DA:200,0
DA:201,0
DA:202,0
DA:203,0
DA:204,0
DA:205,0
DA:206,0
DA:207,0
DA:209,0
DA:211,0
DA:212,0
DA:213,0
DA:214,0
DA:215,0
DA:217,0
DA:218,0
DA:219,0
DA:220,0
DA:221,0
DA:223,0
DA:225,0
DA:226,0
DA:228,0
DA:229,0
DA:230,0
DA:231,0
DA:232,0
DA:233,0
DA:234,0
DA:235,0
DA:236,0
DA:237,0
DA:239,0
DA:240,0
DA:241,0
DA:242,0
DA:243,0
DA:244,0
DA:246,0
DA:247,0
DA:248,0
DA:249,0
DA:250,0
DA:251,0
DA:252,0
DA:253,0
DA:254,0
DA:255,0
DA:256,0
DA:257,0
DA:258,0
DA:259,0
DA:261,0
DA:262,0
DA:263,0
DA:264,0
DA:265,0
DA:266,0
DA:267,0
DA:268,0
DA:269,0
DA:271,0
DA:272,0
DA:273,0
DA:274,0
DA:275,0
DA:276,0
DA:277,0
DA:278,0
DA:279,0
DA:280,0
DA:281,0
DA:283,0
DA:285,0
DA:286,0
DA:287,0
DA:288,0
DA:289,0
DA:291,0
DA:292,0
DA:293,0
DA:294,0
DA:295,0
DA:296,0
DA:298,0
DA:300,0
DA:301,0
DA:303,0
DA:304,0
DA:305,0
DA:306,0
DA:307,0
DA:308,0
DA:310,0
DA:311,0
DA:312,0
DA:314,0
DA:315,0
DA:316,0
DA:317,0
DA:318,0
DA:320,0
DA:322,0
DA:323,0
DA:324,0
DA:325,0
DA:326,0
DA:327,0
DA:328,0
DA:329,0
DA:331,0
DA:332,0
DA:333,0
DA:334,0
DA:335,0
DA:336,0
DA:337,0
DA:338,0
DA:340,0
DA:341,0
DA:342,0
DA:343,0
DA:344,0
DA:345,0
DA:346,0
DA:347,0
DA:348,0
DA:350,0
DA:351,0
DA:352,0
DA:353,0
DA:354,0
DA:355,0
DA:356,0
DA:357,0
DA:359,0
DA:361,0
DA:362,0
DA:363,0
DA:364,0
DA:365,0
DA:366,0
DA:367,0
DA:368,0
DA:369,0
DA:371,0
DA:372,0
DA:373,0
DA:375,0
DA:376,0
DA:377,0
DA:378,0
DA:380,0
DA:381,0
DA:382,0
DA:383,0
DA:384,0
DA:385,0
DA:387,0
DA:388,0
DA:389,0
DA:390,0
DA:391,0
DA:393,0
DA:394,0
DA:396,0
DA:397,0
DA:398,0
DA:399,0
DA:400,0
DA:401,0
DA:402,0
DA:403,0
DA:404,0
DA:405,0
DA:406,0
DA:407,0
DA:408,0
DA:409,0
DA:410,0
DA:412,0
DA:413,0
DA:414,0
DA:415,0
DA:416,0
DA:418,0
DA:419,0
DA:420,0
DA:421,0
DA:422,0
DA:423,0
DA:424,0
DA:425,0
DA:426,0
DA:427,0
DA:428,0
DA:429,0
DA:430,0
DA:431,0
DA:432,0
LF:365
LH:0
BRDA:1,0,0,0
BRF:1
BRH:0
end_of_record
TN:
SF:controllers\environmental.controller.js
FN:12,escapeHtml
FN:22,formatCo2
FN:29,formatBytes
FN:42,getEnvironmentalSummary
FN:94,renderDashboardHtml
FN:95,endpointLabel
FN:218,getDashboard
FN:239,getEnvironmentalImpactJson
FNF:8
FNH:5
FNDA:27,escapeHtml
FNDA:10,formatCo2
FNDA:4,formatBytes
FNDA:0,getEnvironmentalSummary
FNDA:2,renderDashboardHtml
FNDA:6,endpointLabel
FNDA:0,getDashboard
FNDA:0,getEnvironmentalImpactJson
DA:1,1
DA:5,1
DA:7,1
DA:8,1
DA:9,1
DA:10,1
DA:11,1
DA:12,1
DA:13,27
DA:14,27
DA:15,27
DA:16,27
DA:17,27
DA:18,27
DA:19,27
DA:21,1
DA:22,1
DA:23,10
DA:24,10
DA:25,8
DA:26,8
DA:28,1
DA:29,1
DA:30,4
DA:31,3
DA:32,3
DA:33,4
DA:34,4
DA:36,1
DA:37,1
DA:38,1
DA:39,1
DA:40,1
DA:41,1
DA:42,1
DA:43,0
DA:44,0
DA:45,0
DA:46,0
DA:47,0
DA:48,0
DA:49,0
DA:50,0
DA:51,0
DA:52,0
DA:53,0
DA:54,0
DA:56,0
DA:57,0
DA:58,0
DA:59,0
DA:60,0
DA:61,0
DA:62,0
DA:63,0
DA:64,0
DA:65,0
DA:66,0
DA:67,0
DA:68,0
DA:70,0
DA:71,0
DA:73,0
DA:74,0
DA:75,0
DA:76,0
DA:77,0
DA:78,0
DA:79,0
DA:80,0
DA:81,0
DA:82,0
DA:83,0
DA:85,1
DA:86,1
DA:87,1
DA:88,1
DA:89,1
DA:90,1
DA:91,1
DA:92,1
DA:93,1
DA:94,1
DA:95,2
DA:97,2
DA:98,1
DA:99,1
DA:100,1
DA:101,1
DA:102,1
DA:103,1
DA:104,1
DA:105,1
DA:106,2
DA:108,2
DA:109,2
DA:110,2
DA:111,2
DA:112,2
DA:113,2
DA:114,2
DA:115,2
DA:117,2
DA:118,2
DA:119,2
DA:120,2
DA:121,2
DA:122,2
DA:123,2
DA:124,2
DA:125,2
DA:126,2
DA:127,2
DA:128,2
DA:129,2
DA:130,2
DA:131,2
DA:132,2
DA:133,2
DA:134,2
DA:135,2
DA:136,2
DA:137,2
DA:138,2
DA:139,2
DA:140,2
DA:141,2
DA:142,2
DA:143,2
DA:144,2
DA:145,2
DA:146,2
DA:147,2
DA:148,2
DA:149,2
DA:150,2
DA:151,2
DA:152,2
DA:153,2
DA:154,2
DA:155,2
DA:156,2
DA:157,2
DA:158,2
DA:159,2
DA:160,2
DA:161,2
DA:162,2
DA:163,2
DA:164,2
DA:165,2
DA:166,2
DA:168,2
DA:169,2
DA:170,2
DA:171,2
DA:172,2
DA:173,2
DA:174,2
DA:175,2
DA:176,2
DA:177,2
DA:178,2
DA:179,2
DA:180,2
DA:181,2
DA:183,2
DA:184,2
DA:185,2
DA:186,2
DA:187,2
DA:188,2
DA:189,2
DA:190,2
DA:191,2
DA:192,2
DA:193,2
DA:194,2
DA:196,2
DA:197,2
DA:198,2
DA:199,2
DA:200,2
DA:201,2
DA:202,2
DA:203,2
DA:204,2
DA:205,2
DA:206,2
DA:207,2
DA:209,2
DA:210,2
DA:211,2
DA:212,2
DA:214,1
DA:215,1
DA:216,1
DA:217,1
DA:218,1
DA:219,0
DA:220,0
DA:221,0
DA:222,0
DA:223,0
DA:225,0
DA:226,0
DA:227,0
DA:228,0
DA:229,0
DA:230,0
DA:231,0
DA:232,0
DA:233,0
DA:235,1
DA:236,1
DA:237,1
DA:238,1
DA:239,1
DA:240,0
DA:241,0
DA:242,0
DA:243,0
DA:244,0
DA:246,0
DA:247,0
DA:248,0
DA:249,0
DA:251,0
DA:252,0
DA:253,0
DA:254,0
DA:255,0
DA:256,0
DA:257,0
DA:258,0
DA:259,0
DA:260,0
DA:261,0
DA:262,0
DA:263,0
DA:264,0
DA:265,0
LF:242
LH:166
BRDA:12,0,0,27
BRDA:22,1,0,10
BRDA:23,2,0,1
BRDA:23,3,0,9
BRDA:24,4,0,1
BRDA:24,5,0,8
BRDA:29,6,0,4
BRDA:30,7,0,1
BRDA:30,8,0,3
BRDA:33,9,0,1
BRDA:33,10,0,2
BRDA:94,11,0,2
BRDA:164,12,0,0
BRDA:191,13,0,1
BRDA:204,14,0,1
BRDA:95,15,0,6
BRDA:95,16,0,4
BRDA:95,17,0,2
BRDA:97,18,0,1
BRDA:108,19,0,2
BRF:20
BRH:19
end_of_record
TN:
SF:controllers\metrics.controller.js
FN:1,(empty-report)
FNF:1
FNH:0
FNDA:0,(empty-report)
DA:1,0
DA:8,0
DA:9,0
DA:10,0
DA:11,0
DA:12,0
DA:13,0
DA:15,0
DA:16,0
DA:17,0
DA:18,0
DA:19,0
DA:21,0
DA:22,0
DA:23,0
DA:25,0
DA:26,0
DA:27,0
DA:28,0
DA:29,0
DA:30,0
DA:31,0
DA:32,0
LF:23
LH:0
BRDA:1,0,0,0
BRF:1
BRH:0
end_of_record
TN:
SF:controllers\period.controller.js
FN:1,(empty-report)
FNF:1
FNH:0
FNDA:0,(empty-report)
DA:1,0
DA:4,0
DA:5,0
DA:6,0
DA:7,0
DA:8,0
DA:9,0
DA:10,0
DA:11,0
DA:12,0
DA:14,0
DA:15,0
DA:16,0
DA:17,0
DA:18,0
DA:19,0
DA:20,0
DA:21,0
DA:22,0
DA:23,0
DA:24,0
DA:25,0
DA:26,0
DA:27,0
DA:28,0
DA:29,0
DA:30,0
DA:32,0
DA:33,0
DA:34,0
DA:35,0
DA:36,0
DA:37,0
DA:38,0
DA:39,0
DA:40,0
DA:41,0
DA:42,0
DA:43,0
DA:44,0
DA:45,0
DA:46,0
DA:48,0
DA:49,0
DA:50,0
DA:51,0
DA:52,0
DA:53,0
DA:54,0
DA:55,0
DA:56,0
DA:57,0
DA:58,0
DA:59,0
DA:60,0
DA:61,0
DA:62,0
LF:57
LH:0
BRDA:1,0,0,0
BRF:1
BRH:0
end_of_record
TN:
SF:controllers\portal.controller.js
FN:1,(empty-report)
FNF:1
FNH:0
FNDA:0,(empty-report)
DA:1,0
DA:6,0
DA:7,0
DA:8,0
DA:9,0
DA:10,0
DA:11,0
DA:12,0
DA:13,0
DA:14,0
DA:15,0
DA:16,0
DA:17,0
DA:19,0
DA:20,0
DA:21,0
DA:22,0
DA:23,0
DA:24,0
DA:25,0
DA:26,0
DA:27,0
DA:28,0
DA:29,0
DA:30,0
DA:31,0
DA:32,0
DA:33,0
DA:34,0
DA:35,0
DA:36,0
DA:37,0
DA:39,0
DA:40,0
DA:41,0
DA:42,0
DA:43,0
DA:44,0
DA:46,0
DA:47,0
DA:48,0
DA:49,0
DA:50,0
DA:51,0
DA:53,0
DA:54,0
DA:55,0
DA:56,0
DA:57,0
DA:59,0
DA:60,0
DA:62,0
DA:63,0
DA:64,0
DA:65,0
DA:66,0
DA:67,0
DA:68,0
DA:69,0
DA:70,0
DA:71,0
DA:72,0
DA:73,0
DA:74,0
DA:75,0
DA:76,0
DA:77,0
DA:78,0
DA:79,0
DA:80,0
DA:81,0
DA:82,0
DA:84,0
DA:85,0
DA:86,0
DA:87,0
DA:88,0
DA:89,0
DA:90,0
DA:91,0
DA:92,0
DA:93,0
DA:95,0
DA:96,0
DA:97,0
DA:98,0
DA:100,0
DA:101,0
DA:102,0
DA:103,0
DA:104,0
DA:106,0
DA:108,0
DA:109,0
DA:110,0
DA:111,0
DA:112,0
DA:114,0
DA:115,0
DA:116,0
DA:117,0
DA:119,0
DA:120,0
DA:121,0
DA:122,0
DA:124,0
DA:125,0
DA:126,0
DA:127,0
DA:128,0
DA:129,0
DA:130,0
DA:131,0
DA:132,0
DA:134,0
DA:135,0
DA:136,0
DA:138,0
DA:139,0
DA:140,0
DA:141,0
DA:142,0
DA:143,0
DA:144,0
DA:145,0
DA:146,0
DA:147,0
DA:148,0
DA:149,0
DA:150,0
DA:151,0
DA:152,0
DA:153,0
DA:154,0
DA:156,0
DA:157,0
DA:158,0
DA:159,0
DA:161,0
DA:162,0
DA:163,0
DA:164,0
DA:165,0
DA:166,0
DA:167,0
DA:168,0
DA:169,0
DA:170,0
DA:171,0
DA:172,0
DA:173,0
DA:175,0
DA:176,0
DA:177,0
DA:178,0
DA:179,0
DA:180,0
DA:181,0
DA:182,0
DA:183,0
DA:184,0
DA:185,0
DA:186,0
DA:187,0
DA:188,0
DA:189,0
DA:190,0
DA:191,0
DA:193,0
DA:194,0
DA:195,0
DA:196,0
DA:197,0
DA:198,0
DA:199,0
DA:201,0
DA:202,0
DA:203,0
DA:204,0
DA:206,0
DA:207,0
DA:208,0
DA:209,0
DA:210,0
DA:211,0
DA:213,0
DA:214,0
DA:215,0
DA:216,0
DA:218,0
DA:219,0
DA:220,0
DA:221,0
DA:222,0
DA:224,0
DA:225,0
DA:227,0
DA:228,0
DA:229,0
DA:231,0
DA:232,0
DA:233,0
DA:234,0
DA:236,0
DA:237,0
DA:238,0
DA:239,0
DA:240,0
DA:242,0
DA:243,0
DA:244,0
DA:245,0
DA:246,0
DA:247,0
DA:249,0
DA:250,0
DA:251,0
DA:253,0
DA:254,0
DA:255,0
DA:256,0
DA:257,0
DA:259,0
DA:260,0
DA:261,0
DA:262,0
DA:264,0
DA:265,0
DA:267,0
DA:268,0
DA:270,0
DA:271,0
DA:272,0
DA:273,0
DA:274,0
DA:275,0
DA:276,0
DA:277,0
DA:278,0
DA:279,0
DA:281,0
DA:282,0
DA:283,0
DA:284,0
DA:285,0
DA:287,0
DA:288,0
DA:289,0
DA:290,0
DA:292,0
DA:293,0
DA:295,0
DA:296,0
DA:297,0
DA:298,0
DA:300,0
DA:301,0
DA:303,0
DA:304,0
DA:305,0
DA:306,0
DA:307,0
DA:309,0
DA:310,0
DA:311,0
DA:312,0
DA:314,0
DA:315,0
DA:317,0
DA:318,0
DA:320,0
DA:321,0
DA:322,0
DA:323,0
DA:324,0
LF:275
LH:0
BRDA:1,0,0,0
BRF:1
BRH:0
end_of_record
TN:
SF:controllers\schedule.controller.js
FN:1,(empty-report)
FNF:1
FNH:0
FNDA:0,(empty-report)
DA:1,0
DA:2,0
DA:3,0
DA:4,0
DA:5,0
DA:6,0
DA:7,0
DA:8,0
DA:9,0
DA:10,0
DA:11,0
DA:12,0
DA:13,0
DA:14,0
DA:15,0
DA:16,0
DA:17,0
DA:18,0
DA:19,0
DA:20,0
DA:21,0
DA:22,0
DA:23,0
DA:24,0
DA:25,0
DA:26,0
DA:27,0
DA:28,0
DA:29,0
DA:30,0
DA:31,0
DA:32,0
DA:33,0
DA:34,0
DA:35,0
DA:36,0
DA:37,0
DA:38,0
DA:39,0
DA:40,0
DA:41,0
DA:42,0
DA:43,0
DA:44,0
DA:45,0
DA:46,0
DA:47,0
DA:48,0
DA:49,0
DA:50,0
DA:51,0
DA:52,0
DA:53,0
DA:54,0
DA:55,0
DA:56,0
DA:57,0
DA:58,0
DA:59,0
DA:60,0
DA:61,0
DA:62,0
DA:63,0
DA:64,0
DA:65,0
DA:66,0
DA:67,0
DA:68,0
DA:69,0
DA:70,0
DA:71,0
DA:72,0
DA:73,0
DA:74,0
DA:75,0
DA:76,0
DA:77,0
DA:78,0
DA:79,0
DA:80,0
DA:81,0
DA:82,0
DA:83,0
DA:84,0
DA:85,0
DA:86,0
DA:87,0
DA:88,0
DA:89,0
DA:90,0
DA:91,0
DA:92,0
DA:93,0
DA:94,0
DA:95,0
DA:96,0
DA:97,0
DA:98,0
DA:99,0
DA:100,0
DA:101,0
DA:102,0
DA:103,0
DA:104,0
DA:105,0
DA:106,0
DA:107,0
DA:108,0
DA:109,0
DA:110,0
DA:111,0
DA:112,0
DA:113,0
DA:114,0
DA:115,0
DA:116,0
DA:117,0
DA:118,0
DA:119,0
DA:120,0
DA:121,0
DA:122,0
DA:123,0
DA:124,0
DA:125,0
DA:126,0
DA:127,0
DA:128,0
DA:129,0
DA:130,0
DA:131,0
DA:132,0
DA:133,0
DA:134,0
DA:135,0
DA:136,0
DA:137,0
DA:138,0
DA:139,0
DA:140,0
DA:141,0
DA:142,0
DA:143,0
DA:144,0
DA:145,0
DA:146,0
DA:147,0
DA:148,0
DA:149,0
DA:150,0
DA:151,0
DA:152,0
DA:153,0
DA:154,0
DA:155,0
DA:156,0
DA:157,0
DA:158,0
DA:159,0
DA:160,0
DA:161,0
DA:162,0
DA:163,0
DA:164,0
DA:165,0
DA:166,0
DA:167,0
DA:168,0
DA:169,0
DA:170,0
DA:171,0
DA:172,0
DA:173,0
DA:174,0
DA:175,0
DA:176,0
DA:177,0
DA:178,0
DA:179,0
DA:180,0
DA:181,0
DA:182,0
DA:183,0
DA:184,0
DA:185,0
DA:186,0
DA:187,0
DA:188,0
DA:189,0
DA:190,0
DA:191,0
DA:192,0
DA:193,0
DA:194,0
DA:195,0
DA:196,0
DA:197,0
DA:198,0
DA:199,0
DA:200,0
DA:201,0
DA:202,0
DA:203,0
DA:204,0
DA:205,0
DA:206,0
DA:207,0
DA:208,0
DA:209,0
DA:210,0
DA:211,0
DA:212,0
DA:213,0
DA:214,0
DA:215,0
DA:216,0
DA:217,0
DA:218,0
DA:219,0
DA:220,0
DA:221,0
DA:222,0
DA:223,0
DA:224,0
DA:225,0
DA:226,0
DA:227,0
DA:228,0
DA:229,0
DA:230,0
DA:231,0
DA:232,0
DA:233,0
DA:234,0
DA:235,0
DA:236,0
DA:237,0
DA:238,0
DA:239,0
DA:240,0
DA:241,0
DA:242,0
DA:243,0
DA:244,0
DA:245,0
DA:246,0
DA:247,0
DA:248,0
DA:249,0
DA:250,0
DA:251,0
DA:252,0
DA:253,0
DA:254,0
DA:255,0
DA:256,0
DA:257,0
DA:258,0
DA:259,0
DA:260,0
DA:261,0
DA:262,0
DA:263,0
DA:264,0
DA:265,0
DA:266,0
DA:267,0
DA:268,0
DA:269,0
DA:270,0
DA:271,0
DA:272,0
DA:273,0
DA:274,0
DA:275,0
DA:276,0
DA:277,0
DA:278,0
DA:279,0
DA:280,0
DA:281,0
DA:282,0
DA:283,0
DA:284,0
DA:285,0
DA:286,0
DA:287,0
DA:288,0
DA:289,0
DA:290,0
DA:291,0
DA:292,0
DA:293,0
DA:294,0
DA:295,0
DA:296,0
DA:297,0
DA:298,0
DA:299,0
DA:300,0
DA:301,0
DA:302,0
DA:303,0
DA:304,0
DA:305,0
DA:306,0
DA:307,0
DA:308,0
DA:309,0
DA:310,0
DA:311,0
DA:312,0
DA:313,0
DA:314,0
DA:315,0
LF:315
LH:0
BRDA:1,0,0,0
BRF:1
BRH:0
end_of_record
TN:
SF:controllers\sustainability.controller.js
FN:20,readLatestReport
FN:43,getSustainabilityReport
FNF:2
FNH:2
FNDA:5,readLatestReport
FNDA:2,getSustainabilityReport
DA:1,1
DA:6,1
DA:8,1
DA:9,1
DA:10,1
DA:11,1
DA:13,1
DA:14,1
DA:15,1
DA:16,1
DA:17,1
DA:18,1
DA:19,1
DA:20,1
DA:21,5
DA:22,5
DA:23,2
DA:24,5
DA:25,3
DA:26,3
DA:28,3
DA:29,3
DA:30,1
DA:31,5
DA:32,2
DA:33,2
DA:35,2
DA:36,2
DA:38,1
DA:39,1
DA:40,1
DA:41,1
DA:42,1
DA:43,1
DA:44,2
DA:45,2
DA:47,2
DA:48,1
DA:49,1
DA:50,1
DA:51,1
DA:52,1
DA:54,1
DA:55,1
DA:56,1
DA:58,0
DA:59,0
DA:60,0
DA:61,0
DA:62,0
DA:63,2
LF:51
LH:46
BRDA:20,0,0,5
BRDA:22,1,0,2
BRDA:24,2,0,3
BRDA:25,3,0,0
BRDA:25,4,0,0
BRDA:29,5,0,1
BRDA:31,6,0,2
BRDA:32,7,0,0
BRDA:43,8,0,2
BRDA:47,9,0,1
BRDA:56,10,0,0
BRF:11
BRH:7
end_of_record
TN:
SF:csp\constraints.js
FN:1,hasConflict
FN:19,sameCourseConflict
FN:23,shareStudents
FN:33,buildStudentMap
FNF:4
FNH:4
FNDA:73307,hasConflict
FNDA:71784,sameCourseConflict
FNDA:122,shareStudents
FNDA:15,buildStudentMap
DA:1,1
DA:2,73307
DA:3,73307
DA:5,73307
DA:7,14666
DA:8,14666
DA:9,73307
DA:10,73307
DA:12,73307
DA:13,73307
DA:14,73307
DA:16,121
DA:17,121
DA:19,1
DA:20,71784
DA:21,71784
DA:23,122
DA:24,122
DA:25,122
DA:26,122
DA:27,122
DA:28,122
DA:29,1
DA:30,0
DA:31,0
DA:33,1
DA:34,15
DA:35,15
DA:36,6
DA:37,9
DA:38,9
DA:39,9
DA:40,9
DA:41,6
DA:42,15
DA:43,15
LF:36
LH:34
BRDA:1,0,0,73307
BRDA:5,1,0,58641
BRDA:5,2,0,73306
BRDA:5,3,0,14666
BRDA:9,4,0,8156
BRDA:10,5,0,13021
BRDA:10,6,0,1645
BRDA:12,7,0,1342
BRDA:12,8,0,303
BRDA:13,9,0,181
BRDA:13,10,0,122
BRDA:14,11,0,73301
BRDA:14,12,0,1
BRDA:14,13,0,121
BRDA:19,14,0,71784
BRDA:20,15,0,42482
BRDA:23,16,0,122
BRDA:24,17,0,0
BRDA:25,18,0,0
BRDA:28,19,0,1
BRDA:28,20,0,121
BRDA:28,21,0,1
BRDA:29,22,0,0
BRDA:33,23,0,15
BRDA:35,24,0,6
BRDA:36,25,0,9
BRDA:38,26,0,6
BRF:27
BRH:24
end_of_record
TN:
SF:csp\metrics.js
FN:6,computeMetrics
FNF:1
FNH:1
FNDA:18,computeMetrics
DA:1,1
DA:3,1
DA:4,1
DA:6,1
DA:7,18
DA:9,17
DA:10,17
DA:12,17
DA:13,18
DA:14,19
DA:15,19
DA:16,19
DA:17,19
DA:18,19
DA:19,19
DA:20,19
DA:21,18
DA:23,18
DA:24,18
DA:25,4
DA:26,4
DA:27,20
DA:28,20
DA:29,35
DA:30,35
DA:31,6
DA:32,6
DA:33,20
DA:34,20
DA:35,20
DA:36,20
DA:37,4
DA:38,4
DA:39,18
DA:41,18
DA:42,18
DA:43,18
DA:44,18
DA:46,18
DA:47,18
DA:48,4
DA:49,4
DA:50,4
DA:51,4
DA:52,4
DA:53,17
DA:54,18
DA:55,4
DA:56,4
DA:57,4
DA:58,4
DA:59,7
DA:60,7
DA:61,6
DA:62,6
DA:63,4
DA:64,4
DA:65,4
DA:66,4
DA:67,4
DA:68,4
DA:69,17
DA:70,18
DA:72,18
DA:73,18
DA:74,4
DA:75,4
DA:76,4
DA:77,7
DA:78,7
DA:79,6
DA:80,6
DA:81,6
DA:82,6
DA:83,6
DA:84,6
DA:85,4
DA:87,17
DA:88,18
DA:89,20
DA:90,7
DA:91,20
DA:92,20
DA:93,20
DA:94,18
DA:96,18
DA:97,18
DA:98,19
DA:99,19
DA:100,19
DA:101,19
DA:102,19
DA:104,17
DA:105,18
DA:107,18
DA:108,18
DA:109,18
DA:110,18
DA:111,18
DA:112,18
DA:113,18
DA:114,18
DA:115,18
DA:116,18
DA:117,18
DA:118,18
DA:119,18
DA:120,18
LF:108
LH:108
BRDA:6,0,0,18
BRDA:7,1,0,1
BRDA:7,2,0,17
BRDA:13,3,0,19
BRDA:18,4,0,1
BRDA:20,5,0,17
BRDA:21,6,0,15
BRDA:21,7,0,2
BRDA:24,8,0,4
BRDA:26,9,0,20
BRDA:28,10,0,35
BRDA:30,11,0,7
BRDA:30,12,0,29
BRDA:30,13,0,6
BRDA:35,14,0,16
BRDA:35,15,0,4
BRDA:36,16,0,6
BRDA:36,17,0,1
BRDA:36,18,0,4
BRDA:38,19,0,17
BRDA:39,20,0,4
BRDA:39,21,0,13
BRDA:44,22,0,17
BRDA:44,23,0,0
BRDA:47,24,0,4
BRDA:48,25,0,0
BRDA:52,26,0,17
BRDA:54,27,0,4
BRDA:58,28,0,7
BRDA:60,29,0,1
BRDA:60,30,0,6
BRDA:68,31,0,17
BRDA:70,32,0,4
BRDA:70,33,0,13
BRDA:73,34,0,4
BRDA:76,35,0,7
BRDA:78,36,0,1
BRDA:78,37,0,6
BRDA:81,38,0,1
BRDA:85,39,0,17
BRDA:88,40,0,20
BRDA:92,41,0,0
BRDA:93,42,0,17
BRDA:94,43,0,0
BRDA:97,44,0,19
BRDA:102,45,0,17
BRDA:105,46,0,0
BRDA:10,47,0,22
BRDA:25,48,0,7
BRDA:42,49,0,19
BRDA:57,50,0,7
BRDA:64,51,0,20
BRDA:65,52,0,20
BRDA:74,53,0,7
BRDA:89,54,0,7
BRDA:90,55,0,10
BRDA:96,56,0,85
BRF:57
BRH:52
end_of_record
TN:
SF:csp\scoring.js
FN:4,scoreSolution
FNF:1
FNH:1
FNDA:64119,scoreSolution
DA:1,1
DA:2,1
DA:4,1
DA:5,64119
DA:6,64119
DA:8,64119
DA:9,127985
DA:10,127985
DA:11,127984
DA:12,127985
DA:13,150945
DA:14,3
DA:15,3
DA:16,150945
DA:17,127984
DA:19,64119
DA:20,6
DA:21,6
DA:23,6
DA:24,10
DA:25,10
DA:26,10
DA:27,10
DA:29,6
DA:30,6
DA:31,6
DA:32,6
DA:33,6
DA:34,6
DA:36,64119
DA:37,6
DA:38,6
DA:39,30
DA:40,30
DA:41,50
DA:42,50
DA:43,10
DA:44,10
DA:45,10
DA:46,10
DA:47,30
DA:48,30
DA:49,30
DA:50,30
DA:51,13
DA:52,13
DA:53,7
DA:54,6
DA:56,64119
DA:57,64119
DA:58,127985
DA:59,127985
DA:60,127985
DA:61,127985
DA:62,2
DA:63,2
DA:64,127984
DA:65,127984
DA:67,64119
DA:68,127985
DA:69,127985
DA:70,127985
DA:71,150945
DA:72,150945
DA:73,150945
DA:74,127984
DA:76,64119
DA:77,64119
LF:68
LH:68
BRDA:4,0,0,64119
BRDA:8,1,0,127985
BRDA:10,2,0,1
BRDA:10,3,0,127984
BRDA:12,4,0,150945
BRDA:13,5,0,3
BRDA:16,6,0,127984
BRDA:19,7,0,6
BRDA:23,8,0,10
BRDA:25,9,0,0
BRDA:30,10,0,0
BRDA:36,11,0,6
BRDA:38,12,0,30
BRDA:40,13,0,50
BRDA:42,14,0,10
BRDA:42,15,0,40
BRDA:42,16,0,10
BRDA:49,17,0,23
BRDA:49,18,0,7
BRDA:50,19,0,13
BRDA:51,20,0,3
BRDA:52,21,0,7
BRDA:57,22,0,127985
BRDA:59,23,0,1
BRDA:59,24,0,127984
BRDA:60,25,0,93421
BRDA:60,26,0,127984
BRDA:61,27,0,2
BRDA:63,28,0,127984
BRDA:67,29,0,127985
BRDA:69,30,0,1
BRDA:69,31,0,127984
BRDA:70,32,0,150945
BRDA:72,33,0,140073
BRDA:72,34,0,47602
BRDA:73,35,0,127984
BRDA:20,36,0,10
BRDA:29,37,0,30
BRDA:32,38,0,30
BRDA:37,39,0,10
BRF:40
BRH:38
end_of_record
TN:
SF:csp\solver.js
FN:5,runSolver
FN:33,runOnce
FN:46,forwardCheck
FN:66,undoFC
FN:73,selectUnassigned
FN:83,orderValues
FN:91,bt
FNF:7
FNH:7
FNDA:12,runSolver
FNDA:10,runOnce
FNDA:64750,forwardCheck
FNDA:64750,undoFC
FNDA:64760,selectUnassigned
FNDA:660,orderValues
FNDA:64760,bt
DA:1,1
DA:5,1
DA:6,12
DA:7,12
DA:8,1
DA:9,1
DA:11,11
DA:12,12
DA:13,15
DA:14,15
DA:16,11
DA:17,12
DA:18,15
DA:19,15
DA:20,3
DA:21,3
DA:22,3
DA:23,3
DA:24,3
DA:25,3
DA:26,15
DA:28,12
DA:29,12
DA:30,12
DA:31,12
DA:33,12
DA:34,10
DA:36,10
DA:37,10
DA:38,16
DA:39,16
DA:40,1524
DA:41,1524
DA:42,1524
DA:43,16
DA:44,16
DA:46,10
DA:47,64750
DA:48,64750
DA:49,129260
DA:50,129260
DA:52,650
DA:53,650
DA:54,73300
DA:55,73300
DA:56,63860
DA:57,650
DA:59,129260
DA:60,650
DA:61,650
DA:62,650
DA:63,64750
DA:64,64750
DA:66,10
DA:67,64750
DA:68,64750
DA:69,650
DA:70,650
DA:71,64750
DA:73,10
DA:74,64760
DA:75,64760
DA:76,129276
DA:77,666
DA:78,129276
DA:79,129276
DA:80,64760
DA:81,64760
DA:83,10
DA:84,660
DA:85,64090
DA:86,64090
DA:87,64090
DA:88,660
DA:89,660
DA:91,10
DA:92,64760
DA:93,64760
DA:95,64760
DA:96,64760
DA:97,64100
DA:98,64100
DA:99,10
DA:100,10
DA:101,10
DA:102,10
DA:103,10
DA:104,64100
DA:105,64100
DA:107,64760
DA:108,64750
DA:109,64750
DA:111,64750
DA:112,64750
DA:114,64750
DA:115,64750
DA:116,64750
DA:117,64750
DA:118,64750
DA:120,64750
DA:121,64750
DA:123,660
DA:124,64760
DA:126,10
DA:127,10
DA:129,12
DA:130,12
DA:131,10
DA:132,10
DA:133,10
DA:135,12
DA:137,12
DA:138,8
DA:139,8
DA:140,8
DA:141,8
DA:142,8
DA:143,8
DA:144,8
DA:145,8
DA:147,0
DA:148,0
DA:149,0
DA:150,0
DA:151,0
DA:152,0
DA:153,0
LF:127
LH:120
BRDA:5,0,0,12
BRDA:7,1,0,1
BRDA:9,2,0,11
BRDA:12,3,0,15
BRDA:14,4,0,11
BRDA:17,5,0,15
BRDA:19,6,0,3
BRDA:26,7,0,8
BRDA:28,8,0,0
BRDA:29,9,0,0
BRDA:129,10,0,0
BRDA:130,11,0,10
BRDA:131,12,0,0
BRDA:133,13,0,8
BRDA:135,14,0,0
BRDA:137,15,0,8
BRDA:145,16,0,0
BRDA:33,17,0,10
BRDA:37,18,0,16
BRDA:39,19,0,1524
BRDA:46,20,0,64750
BRDA:48,21,0,129260
BRDA:49,22,0,128610
BRDA:49,23,0,650
BRDA:50,24,0,0
BRDA:50,25,0,650
BRDA:59,26,0,0
BRDA:59,27,0,650
BRDA:53,28,0,73300
BRDA:54,29,0,1520
BRDA:54,30,0,71780
BRDA:55,31,0,7920
BRDA:55,32,0,63860
BRDA:66,33,0,64750
BRDA:67,34,0,0
BRDA:68,35,0,650
BRDA:73,36,0,64760
BRDA:75,37,0,129276
BRDA:76,38,0,128610
BRDA:76,39,0,666
BRDA:78,40,0,660
BRDA:83,41,0,660
BRDA:84,42,0,64090
BRDA:85,43,0,0
BRDA:86,44,0,0
BRDA:91,45,0,64760
BRDA:92,46,0,0
BRDA:93,47,0,0
BRDA:96,48,0,64100
BRDA:98,49,0,64092
BRDA:98,50,0,10
BRDA:105,51,0,660
BRDA:107,52,0,64750
BRDA:109,53,0,0
BRDA:117,54,0,0
BRDA:121,55,0,660
BRF:56
BRH:41
end_of_record
TN:
SF:csp\solverWorker.js
FN:1,(empty-report)
FNF:1
FNH:0
FNDA:0,(empty-report)
DA:1,0
DA:2,0
DA:3,0
DA:4,0
DA:5,0
LF:5
LH:0
BRDA:1,0,0,0
BRF:1
BRH:0
end_of_record
TN:
SF:csp\variables.js
FN:1,buildVariables
FN:16,buildDomain
FNF:2
FNH:2
FNDA:52,buildVariables
FNDA:25,buildDomain
DA:1,1
DA:2,52
DA:3,52
DA:4,60
DA:5,74
DA:6,74
DA:7,74
DA:8,74
DA:9,74
DA:10,74
DA:11,74
DA:12,60
DA:13,52
DA:14,52
DA:16,1
DA:17,25
DA:18,25
DA:19,25
DA:20,25
DA:21,25
DA:23,25
DA:24,125
DA:25,1465
DA:26,1465
DA:27,1839
DA:28,1839
DA:29,1465
DA:31,1465
DA:32,1812
DA:33,1812
DA:34,1582
DA:35,1582
DA:36,1402
DA:37,125
DA:38,25
DA:39,25
LF:36
LH:36
BRDA:1,0,0,52
BRDA:3,1,0,60
BRDA:4,2,0,74
BRDA:16,3,0,25
BRDA:23,4,0,125
BRDA:24,5,0,1465
BRDA:26,6,0,1839
BRDA:27,7,0,63
BRDA:29,8,0,63
BRDA:29,9,0,1402
BRDA:31,10,0,1812
BRDA:32,11,0,115
BRDA:32,12,0,1697
BRDA:33,13,0,115
BRDA:33,14,0,1582
BRDA:35,15,0,1402
BRF:16
BRH:16
end_of_record
TN:
SF:middleware\cache.js
FN:1,(empty-report)
FNF:1
FNH:0
FNDA:0,(empty-report)
DA:1,0
DA:3,0
DA:5,0
DA:6,0
DA:7,0
DA:8,0
DA:9,0
DA:10,0
DA:11,0
DA:12,0
DA:13,0
DA:14,0
DA:15,0
DA:16,0
DA:17,0
DA:18,0
DA:19,0
DA:20,0
DA:22,0
DA:23,0
DA:24,0
DA:25,0
DA:26,0
LF:23
LH:0
BRDA:1,0,0,0
BRF:1
BRH:0
end_of_record
TN:
SF:middleware\checkRole.js
FN:1,(empty-report)
FNF:1
FNH:0
FNDA:0,(empty-report)
DA:1,0
DA:2,0
DA:3,0
DA:4,0
DA:5,0
DA:6,0
DA:7,0
DA:8,0
LF:8
LH:0
BRDA:1,0,0,0
BRF:1
BRH:0
end_of_record
TN:
SF:middleware\co2Monitor.js
FN:11,chunkSize
FN:29,buildMetric
FN:55,co2Monitor
FN:59,co2MonitorMiddleware
FN:66,res.write
FN:71,res.end
FNF:6
FNH:5
FNDA:6,chunkSize
FNDA:3,buildMetric
FNDA:2,co2Monitor
FNDA:2,co2MonitorMiddleware
FNDA:0,res.write
FNDA:2,res.end
DA:1,1
DA:5,1
DA:6,1
DA:7,1
DA:8,1
DA:9,1
DA:10,1
DA:11,1
DA:12,6
DA:13,6
DA:14,6
DA:15,6
DA:17,1
DA:18,1
DA:19,1
DA:20,1
DA:21,1
DA:22,1
DA:23,1
DA:24,1
DA:25,1
DA:26,1
DA:27,1
DA:28,1
DA:29,1
DA:30,3
DA:31,3
DA:32,3
DA:33,3
DA:34,3
DA:35,3
DA:36,3
DA:37,3
DA:38,3
DA:40,1
DA:41,1
DA:42,1
DA:43,1
DA:44,1
DA:45,1
DA:46,1
DA:47,1
DA:48,1
DA:49,1
DA:50,1
DA:51,1
DA:52,1
DA:53,1
DA:54,1
DA:55,1
DA:56,2
DA:57,2
DA:59,2
DA:60,2
DA:61,2
DA:63,2
DA:64,2
DA:66,2
DA:67,0
DA:68,0
DA:69,2
DA:71,2
DA:72,2
DA:73,2
DA:74,2
DA:76,2
DA:77,2
DA:78,2
DA:79,2
DA:80,2
DA:81,2
DA:82,2
DA:83,2
DA:84,2
DA:85,2
DA:86,2
DA:88,2
DA:89,2
DA:90,2
DA:91,2
DA:93,2
DA:94,2
DA:95,2
LF:83
LH:81
BRDA:11,0,0,6
BRDA:12,1,0,2
BRDA:12,2,0,4
BRDA:13,3,0,3
BRDA:13,4,0,1
BRDA:14,5,0,0
BRDA:14,6,0,1
BRDA:29,7,0,3
BRDA:55,8,0,2
BRDA:57,9,0,0
BRDA:57,10,0,0
BRDA:59,11,0,2
BRDA:71,12,0,2
BRDA:76,13,0,2
BRDA:82,14,0,0
BRDA:89,15,0,2
BRF:16
BRH:12
end_of_record
TN:
SF:middleware\performanceMonitor.js
FN:1,(empty-report)
FNF:1
FNH:0
FNDA:0,(empty-report)
DA:1,0
DA:4,0
DA:5,0
DA:6,0
DA:7,0
DA:8,0
DA:9,0
DA:10,0
DA:11,0
DA:12,0
DA:13,0
DA:14,0
DA:15,0
DA:16,0
DA:17,0
DA:18,0
DA:19,0
DA:20,0
DA:21,0
DA:22,0
LF:20
LH:0
BRDA:1,0,0,0
BRF:1
BRH:0
end_of_record
TN:
SF:middleware\verifyToken.js
FN:1,(empty-report)
FNF:1
FNH:0
FNDA:0,(empty-report)
DA:1,0
DA:4,0
DA:5,0
DA:6,0
DA:7,0
DA:8,0
DA:10,0
DA:11,0
DA:12,0
DA:13,0
DA:14,0
DA:15,0
DA:16,0
DA:17,0
DA:18,0
DA:19,0
DA:20,0
DA:21,0
DA:22,0
LF:19
LH:0
BRDA:1,0,0,0
BRF:1
BRH:0
end_of_record
TN:
SF:models\Classroom.js
FN:1,(empty-report)
FNF:1
FNH:0
FNDA:0,(empty-report)
DA:1,0
DA:3,0
DA:4,0
DA:5,0
DA:6,0
DA:7,0
DA:9,0
LF:7
LH:0
BRDA:1,0,0,0
BRF:1
BRH:0
end_of_record
TN:
SF:models\Course.js
FN:1,(empty-report)
FNF:1
FNH:0
FNDA:0,(empty-report)
DA:1,0
DA:3,0
DA:4,0
DA:5,0
DA:6,0
DA:7,0
DA:8,0
DA:9,0
DA:10,0
DA:11,0
DA:12,0
DA:13,0
DA:14,0
DA:16,0
LF:14
LH:0
BRDA:1,0,0,0
BRF:1
BRH:0
end_of_record
TN:
SF:models\EnvironmentalMetric.js
FNF:0
FNH:0
DA:1,1
DA:3,1
DA:4,1
DA:5,1
DA:6,1
DA:7,1
DA:8,1
DA:9,1
DA:10,1
DA:11,1
DA:12,1
DA:13,1
DA:14,1
DA:15,1
DA:16,1
DA:17,1
DA:18,1
DA:19,1
DA:20,1
DA:21,1
DA:22,1
DA:23,1
DA:25,1
DA:26,1
DA:28,1
DA:29,1
DA:30,1
DA:31,1
LF:28
LH:28
BRF:0
BRH:0
end_of_record
TN:
SF:models\Period.js
FN:1,(empty-report)
FNF:1
FNH:0
FNDA:0,(empty-report)
DA:1,0
DA:3,0
DA:4,0
DA:5,0
DA:6,0
DA:7,0
DA:8,0
DA:10,0
LF:8
LH:0
BRDA:1,0,0,0
BRF:1
BRH:0
end_of_record
TN:
SF:models\Schedule.js
FN:1,(empty-report)
FNF:1
FNH:0
FNDA:0,(empty-report)
DA:1,0
DA:2,0
DA:3,0
DA:4,0
DA:5,0
DA:6,0
DA:7,0
DA:8,0
DA:9,0
DA:10,0
DA:11,0
DA:12,0
DA:13,0
LF:13
LH:0
BRDA:1,0,0,0
BRF:1
BRH:0
end_of_record
TN:
SF:models\Section.js
FN:1,(empty-report)
FNF:1
FNH:0
FNDA:0,(empty-report)
DA:1,0
DA:3,0
DA:4,0
DA:5,0
DA:6,0
DA:8,0
LF:6
LH:0
BRDA:1,0,0,0
BRF:1
BRH:0
end_of_record
TN:
SF:models\Student.js
FN:1,(empty-report)
FNF:1
FNH:0
FNDA:0,(empty-report)
DA:1,0
DA:3,0
DA:4,0
DA:5,0
DA:6,0
DA:7,0
DA:8,0
DA:9,0
DA:10,0
DA:11,0
DA:12,0
DA:13,0
DA:14,0
DA:15,0
DA:16,0
DA:17,0
DA:18,0
DA:19,0
DA:21,0
LF:19
LH:0
BRDA:1,0,0,0
BRF:1
BRH:0
end_of_record
TN:
SF:models\Teacher.js
FN:1,(empty-report)
FNF:1
FNH:0
FNDA:0,(empty-report)
DA:1,0
DA:3,0
DA:4,0
DA:5,0
DA:6,0
DA:7,0
DA:8,0
DA:9,0
DA:10,0
DA:12,0
LF:10
LH:0
BRDA:1,0,0,0
BRF:1
BRH:0
end_of_record
TN:
SF:models\User.js
FN:1,(empty-report)
FNF:1
FNH:0
FNDA:0,(empty-report)
DA:1,0
DA:4,0
DA:5,0
DA:6,0
DA:7,0
DA:8,0
DA:9,0
DA:10,0
DA:11,0
DA:12,0
DA:13,0
DA:14,0
DA:15,0
DA:16,0
DA:17,0
DA:18,0
DA:19,0
DA:20,0
DA:21,0
DA:22,0
DA:23,0
DA:24,0
DA:25,0
DA:26,0
DA:27,0
DA:28,0
DA:29,0
DA:30,0
DA:31,0
DA:32,0
DA:33,0
DA:34,0
DA:35,0
DA:36,0
DA:37,0
DA:38,0
DA:39,0
DA:40,0
DA:41,0
DA:42,0
DA:43,0
DA:44,0
DA:45,0
DA:46,0
DA:47,0
DA:48,0
DA:49,0
DA:50,0
DA:51,0
DA:52,0
DA:54,0
DA:55,0
DA:56,0
DA:57,0
DA:59,0
DA:60,0
DA:61,0
DA:63,0
DA:64,0
DA:65,0
DA:66,0
DA:67,0
DA:69,0
LF:63
LH:0
BRDA:1,0,0,0
BRF:1
BRH:0
end_of_record
TN:
SF:routes\auth.routes.js
FN:1,(empty-report)
FNF:1
FNH:0
FNDA:0,(empty-report)
DA:1,0
DA:2,0
DA:3,0
DA:4,0
DA:5,0
DA:6,0
DA:7,0
DA:8,0
DA:9,0
DA:10,0
DA:11,0
DA:12,0
LF:12
LH:0
BRDA:1,0,0,0
BRF:1
BRH:0
end_of_record
TN:
SF:routes\data.routes.js
FN:1,(empty-report)
FNF:1
FNH:0
FNDA:0,(empty-report)
DA:1,0
DA:2,0
DA:3,0
DA:12,0
DA:13,0
DA:14,0
DA:15,0
DA:16,0
DA:17,0
DA:18,0
DA:19,0
DA:20,0
DA:21,0
DA:22,0
DA:23,0
DA:24,0
DA:25,0
DA:26,0
DA:27,0
DA:28,0
DA:29,0
DA:30,0
DA:31,0
DA:32,0
DA:33,0
DA:34,0
DA:35,0
DA:36,0
DA:37,0
DA:38,0
DA:39,0
DA:40,0
DA:41,0
DA:42,0
DA:43,0
DA:44,0
DA:45,0
DA:46,0
DA:47,0
DA:48,0
DA:49,0
DA:50,0
DA:51,0
DA:52,0
DA:53,0
LF:45
LH:0
BRDA:1,0,0,0
BRF:1
BRH:0
end_of_record
TN:
SF:routes\environmental.routes.js
FN:1,(empty-report)
FNF:1
FNH:0
FNDA:0,(empty-report)
DA:1,0
DA:2,0
DA:3,0
DA:4,0
DA:5,0
DA:6,0
DA:7,0
DA:8,0
DA:9,0
DA:10,0
DA:11,0
DA:12,0
DA:13,0
LF:13
LH:0
BRDA:1,0,0,0
BRF:1
BRH:0
end_of_record
TN:
SF:routes\environmentalApi.routes.js
FN:1,(empty-report)
FNF:1
FNH:0
FNDA:0,(empty-report)
DA:1,0
DA:2,0
DA:3,0
DA:4,0
DA:5,0
DA:6,0
DA:7,0
DA:8,0
DA:9,0
DA:10,0
DA:11,0
DA:12,0
LF:12
LH:0
BRDA:1,0,0,0
BRF:1
BRH:0
end_of_record
TN:
SF:routes\metrics.routes.js
FN:1,(empty-report)
FNF:1
FNH:0
FNDA:0,(empty-report)
DA:1,0
DA:2,0
DA:3,0
DA:4,0
DA:5,0
DA:6,0
DA:7,0
DA:8,0
DA:9,0
DA:10,0
LF:10
LH:0
BRDA:1,0,0,0
BRF:1
BRH:0
end_of_record
TN:
SF:routes\period.routes.js
FN:1,(empty-report)
FNF:1
FNH:0
FNDA:0,(empty-report)
DA:1,0
DA:2,0
DA:3,0
DA:4,0
DA:5,0
DA:6,0
DA:7,0
DA:8,0
DA:9,0
DA:10,0
DA:11,0
DA:12,0
DA:13,0
DA:14,0
DA:15,0
DA:16,0
DA:17,0
LF:17
LH:0
BRDA:1,0,0,0
BRF:1
BRH:0
end_of_record
TN:
SF:routes\portal.routes.js
FN:1,(empty-report)
FNF:1
FNH:0
FNDA:0,(empty-report)
DA:1,0
DA:2,0
DA:3,0
DA:7,0
DA:8,0
DA:9,0
DA:10,0
DA:11,0
DA:12,0
DA:13,0
DA:14,0
DA:15,0
DA:16,0
DA:17,0
DA:18,0
DA:19,0
DA:20,0
DA:21,0
LF:18
LH:0
BRDA:1,0,0,0
BRF:1
BRH:0
end_of_record
TN:
SF:routes\schedule.routes.js
FN:1,(empty-report)
FNF:1
FNH:0
FNDA:0,(empty-report)
DA:1,0
DA:2,0
DA:3,0
DA:4,0
DA:5,0
DA:6,0
DA:7,0
DA:8,0
DA:9,0
DA:10,0
DA:11,0
DA:12,0
DA:13,0
DA:14,0
DA:15,0
DA:16,0
DA:17,0
DA:18,0
LF:18
LH:0
BRDA:1,0,0,0
BRF:1
BRH:0
end_of_record
TN:
SF:routes\sustainability.routes.js
FN:1,(empty-report)
FNF:1
FNH:0
FNDA:0,(empty-report)
DA:1,0
DA:2,0
DA:3,0
DA:4,0
DA:5,0
DA:6,0
DA:7,0
DA:8,0
DA:9,0
DA:10,0
DA:11,0
DA:12,0
LF:12
LH:0
BRDA:1,0,0,0
BRF:1
BRH:0
end_of_record
